<?xml version="1.0" encoding="UTF-8"?>
<coverage generated="1674099382655" clover="3.2.0">
  <project timestamp="1674099382655" name="All files">
    <metrics statements="11" coveredstatements="8" conditionals="0" coveredconditionals="0" methods="2" coveredmethods="0" elements="13" coveredelements="8" complexity="0" loc="11" ncloc="11" packages="1" files="1" classes="1"/>
    <file name="vendor.js" path="/Users/josematthewmiguel/projects/codefellows/caps/src/vendor/vendor.js">
      <metrics statements="11" coveredstatements="8" conditionals="0" coveredconditionals="0" methods="2" coveredmethods="0"/>
      <line num="4" count="1" type="stmt"/>
      <line num="5" count="1" type="stmt"/>
      <line num="7" count="1" type="stmt"/>
      <line num="9" count="1" type="stmt"/>
      <line num="11" count="1" type="stmt"/>
      <line num="13" count="1" type="stmt"/>
      <line num="20" count="1" type="stmt"/>
      <line num="22" count="0" type="stmt"/>
      <line num="30" count="1" type="stmt"/>
      <line num="33" count="0" type="stmt"/>
      <line num="34" count="0" type="stmt"/>
    </file>
  </project>
</coverage>
