{"/Users/josematthewmiguel/projects/codefellows/caps/src/vendor/vendor.js": {"path":"/Users/josematthewmiguel/projects/codefellows/caps/src/vendor/vendor.js","statementMap":{"0":{"start":{"line":4,"column":21},"end":{"line":4,"column":48}},"1":{"start":{"line":5,"column":13},"end":{"line":5,"column":31}},"2":{"start":{"line":7,"column":15},"end":{"line":7,"column":65}},"3":{"start":{"line":9,"column":18},"end":{"line":9,"column":33}},"4":{"start":{"line":11,"column":0},"end":{"line":11,"column":30}},"5":{"start":{"line":13,"column":14},"end":{"line":18,"column":1}},"6":{"start":{"line":20,"column":0},"end":{"line":24,"column":8}},"7":{"start":{"line":22,"column":2},"end":{"line":22,"column":32}},"8":{"start":{"line":30,"column":0},"end":{"line":30,"column":36}},"9":{"start":{"line":33,"column":2},"end":{"line":33,"column":59}},"10":{"start":{"line":34,"column":2},"end":{"line":34,"column":17}}},"fnMap":{"0":{"name":"(anonymous_0)","decl":{"start":{"line":20,"column":12},"end":{"line":20,"column":13}},"loc":{"start":{"line":20,"column":18},"end":{"line":24,"column":1}},"line":20},"1":{"name":"handleDeliv","decl":{"start":{"line":32,"column":9},"end":{"line":32,"column":20}},"loc":{"start":{"line":32,"column":30},"end":{"line":35,"column":1}},"line":32}},"branchMap":{},"s":{"0":1,"1":1,"2":1,"3":1,"4":1,"5":1,"6":1,"7":0,"8":1,"9":0,"10":0},"f":{"0":0,"1":0},"b":{},"_coverageSchema":"1a1c01bbd47fc00a2c39e90264f33305004495a9","hash":"52574a30b8362d62f6319fe6694ec1c5ea8817ae"}
}
